<?xml version="1.0" encoding="UTF-8"?>
<testng-results ignored="0" total="1" passed="1" failed="0" skipped="0">
  <reporter-output>
    <line>
      <![CDATA[[2022-05-19 13:45:00,211] Pre-Condition - Step 01: Input to Username textbox
<br>]]>
    </line>
    <line>
      <![CDATA[[2022-05-19 13:45:00,666] Pre-Condition - Step 02: Input to Password textbox
<br>]]>
    </line>
    <line>
      <![CDATA[[2022-05-19 13:45:00,800] Pre-Condition - Step 03: Click to Login button and Open Dashboard site
<br>]]>
    </line>
    <line>
      <![CDATA[[2022-05-19 13:45:00,915] Pre-Condition - Step 04: Verify displayed Dashboard screen
<br>]]>
    </line>
  </reporter-output>
  <suite started-at="2022-05-19T06:44:50Z" name="Momi - ADM" finished-at="2022-05-19T06:45:02Z" duration-ms="11440">
    <groups>
    </groups>
    <test started-at="2022-05-19T06:44:50Z" name="Run on CHROME" finished-at="2022-05-19T06:45:02Z" duration-ms="11440">
      <class name="com.adm.Adm_Login">
        <test-method is-config="true" signature="beforeClass(java.lang.String, java.lang.String)[pri:0, instance:com.adm.Adm_Login@673fdbce]" started-at="2022-05-19T06:44:50Z" name="beforeClass" finished-at="2022-05-19T06:45:02Z" duration-ms="11417" status="PASS">
          <params>
            <param index="0">
              <value>
                <![CDATA[chrome]]>
              </value>
            </param>
            <param index="1">
              <value>
                <![CDATA[https://adm.xoay.io/#/login]]>
              </value>
            </param>
          </params>
          <reporter-output>
            <line>
              <![CDATA[[2022-05-19 13:45:00,211] Pre-Condition - Step 01: Input to Username textbox
<br>]]>
            </line>
            <line>
              <![CDATA[[2022-05-19 13:45:00,666] Pre-Condition - Step 02: Input to Password textbox
<br>]]>
            </line>
            <line>
              <![CDATA[[2022-05-19 13:45:00,800] Pre-Condition - Step 03: Click to Login button and Open Dashboard site
<br>]]>
            </line>
            <line>
              <![CDATA[[2022-05-19 13:45:00,915] Pre-Condition - Step 04: Verify displayed Dashboard screen
<br>]]>
            </line>
          </reporter-output>
        </test-method> <!-- beforeClass -->
        <test-method signature="TC_Create_CVHT()[pri:0, instance:com.adm.Adm_Login@673fdbce]" started-at="2022-05-19T06:45:02Z" name="TC_Create_CVHT" finished-at="2022-05-19T06:45:02Z" duration-ms="5" status="PASS">
          <reporter-output>
          </reporter-output>
        </test-method> <!-- TC_Create_CVHT -->
        <test-method is-config="true" signature="afterClass()[pri:0, instance:com.adm.Adm_Login@673fdbce]" started-at="2022-05-19T06:45:02Z" name="afterClass" finished-at="2022-05-19T06:45:02Z" duration-ms="0" status="PASS">
          <reporter-output>
          </reporter-output>
        </test-method> <!-- afterClass -->
      </class> <!-- com.adm.Adm_Login -->
    </test> <!-- Run on CHROME -->
  </suite> <!-- Momi - ADM -->
</testng-results>
